Unity Editor version:    2021.3.16f1 (4016570cf34f)
Branch:                  2021.3/staging
Build type:              Release
Batch mode:              YES
macOS version:           Version 13.0 (Build 22A380)
Darwin version:          22.1.0
Architecture:            arm64
Running under Rosetta:   NO
Available memory:        8192 MB
Using pre-set license
Pro License: YES

COMMAND LINE ARGUMENTS:
/Applications/Unity/Hub/Editor/2021.3.16f1-arm64/Unity.app/Contents/MacOS/Unity
-adb2
-batchMode
-noUpm
-name
AssetImportWorker1
-projectPath
/Users/rachelng/Documents/GitHub/nwHacks VR Waiting Room + Interview Room
-logFile
Logs/AssetImportWorker1.log
-srvPort
49311
Successfully changed project path to: /Users/rachelng/Documents/GitHub/nwHacks VR Waiting Room + Interview Room
/Users/rachelng/Documents/GitHub/nwHacks VR Waiting Room + Interview Room
[UnityMemory] Configuration Parameters - Can be set up in boot.config
    "memorysetup-bucket-allocator-granularity=16"
    "memorysetup-bucket-allocator-bucket-count=8"
    "memorysetup-bucket-allocator-block-size=33554432"
    "memorysetup-bucket-allocator-block-count=8"
    "memorysetup-main-allocator-block-size=16777216"
    "memorysetup-thread-allocator-block-size=16777216"
    "memorysetup-gfx-main-allocator-block-size=16777216"
    "memorysetup-gfx-thread-allocator-block-size=16777216"
    "memorysetup-cache-allocator-block-size=4194304"
    "memorysetup-typetree-allocator-block-size=2097152"
    "memorysetup-profiler-bucket-allocator-granularity=16"
    "memorysetup-profiler-bucket-allocator-bucket-count=8"
    "memorysetup-profiler-bucket-allocator-block-size=33554432"
    "memorysetup-profiler-bucket-allocator-block-count=8"
    "memorysetup-profiler-allocator-block-size=16777216"
    "memorysetup-profiler-editor-allocator-block-size=1048576"
    "memorysetup-temp-allocator-size-main=16777216"
    "memorysetup-job-temp-allocator-block-size=2097152"
    "memorysetup-job-temp-allocator-block-size-background=1048576"
    "memorysetup-job-temp-allocator-reduction-small-platforms=262144"
    "memorysetup-temp-allocator-size-background-worker=32768"
    "memorysetup-temp-allocator-size-job-worker=262144"
    "memorysetup-temp-allocator-size-preload-manager=33554432"
    "memorysetup-temp-allocator-size-nav-mesh-worker=65536"
    "memorysetup-temp-allocator-size-audio-worker=65536"
    "memorysetup-temp-allocator-size-cloud-worker=32768"
    "memorysetup-temp-allocator-size-gi-baking-worker=262144"
    "memorysetup-temp-allocator-size-gfx=262144"
Player connection [8005084416] Host "[IP] 206.12.166.217 [Port] 0 [Flags] 2 [Guid] 3466842880 [EditorId] 3466842880 [Version] 1048832 [Id] OSXEditor(0,dhcp-206-12-166-217.ubcsecure.wireless.ubc.ca) [Debug] 1 [PackageName] OSXEditor [ProjectName] Editor" joined multi-casting on [225.0.0.222:54997]...

Player connection [8005084416] Host "[IP] 206.12.166.217 [Port] 0 [Flags] 2 [Guid] 3466842880 [EditorId] 3466842880 [Version] 1048832 [Id] OSXEditor(0,dhcp-206-12-166-217.ubcsecure.wireless.ubc.ca) [Debug] 1 [PackageName] OSXEditor [ProjectName] Editor" joined alternative multi-casting on [225.0.0.222:34997]...

Refreshing native plugins compatible for Editor in 207.00 ms, found 3 plugins.
Preloading 1 native plugins for Editor in 6.49 ms.
Initialize engine version: 2021.3.16f1 (4016570cf34f)
[Subsystems] Discovering subsystems at path /Applications/Unity/Hub/Editor/2021.3.16f1-arm64/Unity.app/Contents/Resources/UnitySubsystems
[Subsystems] Discovering subsystems at path /Users/rachelng/Documents/GitHub/nwHacks VR Waiting Room + Interview Room/Assets
GfxDevice: creating device client; threaded=0; jobified=0
 preferred device: Apple M1 (high power)
Metal devices available: 1
0: Apple M1 (high power)
Using device Apple M1 (high power)
Initializing Metal device caps: Apple M1
Initialize mono
Mono path[0] = '/Applications/Unity/Hub/Editor/2021.3.16f1-arm64/Unity.app/Contents/Managed'
Mono path[1] = '/Applications/Unity/Hub/Editor/2021.3.16f1-arm64/Unity.app/Contents/MonoBleedingEdge/lib/mono/unityjit-macos'
Mono config path = '/Applications/Unity/Hub/Editor/2021.3.16f1-arm64/Unity.app/Contents/MonoBleedingEdge/etc'
Using monoOptions --debugger-agent=transport=dt_socket,embedding=1,server=y,suspend=n,address=127.0.0.1:56725
Begin MonoManager ReloadAssembly
Registering precompiled unity dll's ...
Register platform support module: /Applications/Unity/Hub/Editor/2021.3.16f1-arm64/Unity.app/Contents/PlaybackEngines/MacStandaloneSupport/UnityEditor.OSXStandalone.Extensions.dll
Registered in 0.001483 seconds.
Native extension for OSXStandalone target not found
Refreshing native plugins compatible for Editor in 84.36 ms, found 3 plugins.
Preloading 1 native plugins for Editor in 0.21 ms.
Mono: successfully reloaded assembly
- Completed reload, in  0.468 seconds
Domain Reload Profiling:
	ReloadAssembly (468ms)
		BeginReloadAssembly (64ms)
			ExecutionOrderSort (0ms)
			DisableScriptedObjects (0ms)
			BackupInstance (0ms)
			ReleaseScriptingObjects (0ms)
			CreateAndSetChildDomain (1ms)
		EndReloadAssembly (330ms)
			LoadAssemblies (64ms)
			RebuildTransferFunctionScriptingTraits (1ms)
			SetupTypeCache (75ms)
			ReleaseScriptCaches (0ms)
			RebuildScriptCaches (18ms)
			SetupLoadedEditorAssemblies (207ms)
				LogAssemblyErrors (0ms)
				InitializePlatformSupportModulesInManaged (3ms)
				SetLoadedEditorAssemblies (0ms)
				RefreshPlugins (85ms)
				BeforeProcessingInitializeOnLoad (2ms)
				ProcessInitializeOnLoadAttributes (95ms)
				ProcessInitializeOnLoadMethodAttributes (23ms)
				AfterProcessingInitializeOnLoad (0ms)
				EditorAssembliesLoaded (0ms)
			ExecutionOrderSort2 (0ms)
			AwakeInstancesAfterBackupRestoration (0ms)
Platform modules already initialized, skipping
Registering precompiled user dll's ...
Registered in 0.008352 seconds.
Begin MonoManager ReloadAssembly
Symbol file LoadedFromMemory doesn't match image /Users/rachelng/Documents/GitHub/nwHacks VR Waiting Room + Interview Room/Library/PackageCache/com.unity.visualscripting@1.7.8/Editor/VisualScripting.Core/Dependencies/DotNetZip/Unity.VisualScripting.IonicZip.dll
Symbol file LoadedFromMemory doesn't match image /Users/rachelng/Documents/GitHub/nwHacks VR Waiting Room + Interview Room/Library/PackageCache/com.unity.visualscripting@1.7.8/Editor/VisualScripting.Core/Dependencies/YamlDotNet/Unity.VisualScripting.YamlDotNet.dll
Native extension for OSXStandalone target not found
Refreshing native plugins compatible for Editor in 84.98 ms, found 3 plugins.
Preloading 1 native plugins for Editor in 0.21 ms.
Package Manager log level set to [2]
Mono: successfully reloaded assembly
- Completed reload, in  0.816 seconds
Domain Reload Profiling:
	ReloadAssembly (816ms)
		BeginReloadAssembly (54ms)
			ExecutionOrderSort (0ms)
			DisableScriptedObjects (3ms)
			BackupInstance (0ms)
			ReleaseScriptingObjects (0ms)
			CreateAndSetChildDomain (16ms)
		EndReloadAssembly (695ms)
			LoadAssemblies (68ms)
			RebuildTransferFunctionScriptingTraits (0ms)
			SetupTypeCache (195ms)
			ReleaseScriptCaches (0ms)
			RebuildScriptCaches (39ms)
			SetupLoadedEditorAssemblies (362ms)
				LogAssemblyErrors (0ms)
				InitializePlatformSupportModulesInManaged (2ms)
				SetLoadedEditorAssemblies (0ms)
				RefreshPlugins (85ms)
				BeforeProcessingInitializeOnLoad (68ms)
				ProcessInitializeOnLoadAttributes (192ms)
				ProcessInitializeOnLoadMethodAttributes (14ms)
				AfterProcessingInitializeOnLoad (1ms)
				EditorAssembliesLoaded (0ms)
			ExecutionOrderSort2 (0ms)
			AwakeInstancesAfterBackupRestoration (2ms)
Platform modules already initialized, skipping
========================================================================
Worker process is ready to serve import requests
Launching external process: /Applications/Unity/Hub/Editor/2021.3.16f1-arm64/Unity.app/Contents/Tools/UnityShaderCompiler
Launched and connected shader compiler UnityShaderCompiler after 0.19 seconds
Refreshing native plugins compatible for Editor in 0.68 ms, found 3 plugins.
Preloading 1 native plugins for Editor in 0.24 ms.
Unloading 4582 Unused Serialized files (Serialized files now loaded: 0)
Unloading 69 unused Assets / (1.2 MB). Loaded Objects now: 5005.
Memory consumption went from 164.3 MB to 163.0 MB.
Total: 5.279875 ms (FindLiveObjects: 0.157292 ms CreateObjectMapping: 0.067917 ms MarkObjects: 2.477875 ms  DeleteObjects: 2.575833 ms)

AssetImportParameters requested are different than current active one (requested -> active):
  custom:video-decoder-ogg-theora: a1e56fd34408186e4bbccfd4996cb3dc -> 
  custom:container-muxer-webm: aa71ff27fc2769a1b78a27578f13a17b -> 
  custom:container-demuxer-webm: 4f35f7cbe854078d1ac9338744f61a02 -> 
  custom:video-encoder-webm-vp8: eb34c28f22e8b96e1ab97ce403110664 -> 
  custom:framework-osx-AVFoundation: e770b220cccbd017edd2c1fefb359320 -> 
  custom:audio-encoder-webm-vorbis: bf7c407c2cedff20999df2af8eb42d56 -> 
  custom:container-demuxer-ogg: 62fdf1f143b41e24485cea50d1cbac27 -> 
  custom:video-decoder-webm-vp8: 9c59270c3fd7afecdb556c50c9e8de78 -> 
  custom:audio-decoder-ogg-vorbis: bf7c407c2cedff20999df2af8eb42d56 -> 
========================================================================
Received Import Request.
  Time since last request: 522.131673 seconds.
  path: Assets/Textures
  artifactKey: Guid(0fafc1a9e918b41b0831c64276a80a7c) Importer(815301076,1909f56bfc062723c751e8b465ee728b)
Start importing Assets/Textures using Guid(0fafc1a9e918b41b0831c64276a80a7c) Importer(815301076,1909f56bfc062723c751e8b465ee728b)  -> (artifact id: '6260fbb4cba4f08d3b3a8985532edee3') in 0.005682 seconds 
========================================================================
Received Import Request.
  Time since last request: 118.020018 seconds.
  path: Assets/Textures/Floors/laminate_floor_02_disp_4k.png
  artifactKey: Guid(4912c1b8f8b414f8e9c8fda801bd9a64) Importer(815301076,1909f56bfc062723c751e8b465ee728b)
Start importing Assets/Textures/Floors/laminate_floor_02_disp_4k.png using Guid(4912c1b8f8b414f8e9c8fda801bd9a64) Importer(815301076,1909f56bfc062723c751e8b465ee728b)  -> (artifact id: 'aeda753cf29e4059756921b61291a254') in 0.789131 seconds 
========================================================================
Received Import Request.
  Time since last request: 0.000108 seconds.
  path: Assets/Textures/Floors/laminate_floor_02_rough_4k.exr
  artifactKey: Guid(4f3645e3f9b1a45fd90d931f0036201c) Importer(815301076,1909f56bfc062723c751e8b465ee728b)
Start importing Assets/Textures/Floors/laminate_floor_02_rough_4k.exr using Guid(4f3645e3f9b1a45fd90d931f0036201c) Importer(815301076,1909f56bfc062723c751e8b465ee728b)  -> (artifact id: '6403ae7594b57ba51eaa72b88ada1fc0') in 0.528388 seconds 
========================================================================
Received Import Request.
  Time since last request: 104.647973 seconds.
  path: Assets/Textures/Walls/beige_wall_001_disp_4k.png
  artifactKey: Guid(198f7fd99523641c2a7f30a14a8962cb) Importer(815301076,1909f56bfc062723c751e8b465ee728b)
Start importing Assets/Textures/Walls/beige_wall_001_disp_4k.png using Guid(198f7fd99523641c2a7f30a14a8962cb) Importer(815301076,1909f56bfc062723c751e8b465ee728b)  -> (artifact id: '705ee9fbe4eec32acd1c2068d1d37ba3') in 0.039923 seconds 
========================================================================
Received Import Request.
  Time since last request: 0.000158 seconds.
  path: Assets/Textures/Walls/beige_wall_001_nor_gl_4k.exr
  artifactKey: Guid(759b9cb91c188410f826e531960ca988) Importer(815301076,1909f56bfc062723c751e8b465ee728b)
Start importing Assets/Textures/Walls/beige_wall_001_nor_gl_4k.exr using Guid(759b9cb91c188410f826e531960ca988) Importer(815301076,1909f56bfc062723c751e8b465ee728b)  -> (artifact id: 'ff0f6ef7696386eccfb740db9a4b5456') in 0.008207 seconds 
========================================================================
Received Import Request.
  Time since last request: 748.056359 seconds.
  path: Assets/Office Room Furniture/Office/Materials/Armchair_2.mat
  artifactKey: Guid(419d7ec44a6ba2d41b394b2deba87f8f) Importer(815301076,1909f56bfc062723c751e8b465ee728b)
Start importing Assets/Office Room Furniture/Office/Materials/Armchair_2.mat using Guid(419d7ec44a6ba2d41b394b2deba87f8f) Importer(815301076,1909f56bfc062723c751e8b465ee728b)  -> (artifact id: 'ca9c44f684b05d4b13ceb1914283bb1b') in 0.442798 seconds 
========================================================================
Received Import Request.
  Time since last request: 0.000063 seconds.
  path: Assets/Office Room Furniture/Office/Models/Nesting_Table_1.fbx
  artifactKey: Guid(eaed029abc8498f4ebda474746689f12) Importer(815301076,1909f56bfc062723c751e8b465ee728b)
Start importing Assets/Office Room Furniture/Office/Models/Nesting_Table_1.fbx using Guid(eaed029abc8498f4ebda474746689f12) Importer(815301076,1909f56bfc062723c751e8b465ee728b)  -> (artifact id: '88c9c9b6212fca1c628810906673bf14') in 0.276860 seconds 
========================================================================
Received Import Request.
  Time since last request: 0.000048 seconds.
  path: Assets/Office Room Furniture/Office/Models/DinnerRoom.fbx
  artifactKey: Guid(18a45c661ef2bc84f816fd49e9f50bbc) Importer(815301076,1909f56bfc062723c751e8b465ee728b)
Start importing Assets/Office Room Furniture/Office/Models/DinnerRoom.fbx using Guid(18a45c661ef2bc84f816fd49e9f50bbc) Importer(815301076,1909f56bfc062723c751e8b465ee728b)  -> (artifact id: 'ffddde6fa88b4a2214f7d2096c6ddacb') in 0.028377 seconds 
========================================================================
Received Import Request.
  Time since last request: 0.000052 seconds.
  path: Assets/Office Room Furniture/Office/Models/Frame 1.fbx
  artifactKey: Guid(70447b43c54b3c8489782bc25b9b20d9) Importer(815301076,1909f56bfc062723c751e8b465ee728b)
Start importing Assets/Office Room Furniture/Office/Models/Frame 1.fbx using Guid(70447b43c54b3c8489782bc25b9b20d9) Importer(815301076,1909f56bfc062723c751e8b465ee728b)  -> (artifact id: '27ad215c4b903e30858e53d51731296e') in 0.311384 seconds 
========================================================================
Received Import Request.
  Time since last request: 0.000046 seconds.
  path: Assets/Office Room Furniture/Office/Models/FloorPlant_1.fbx
  artifactKey: Guid(ecb6fbf1148af344fb5bdf5751940c76) Importer(815301076,1909f56bfc062723c751e8b465ee728b)
Start importing Assets/Office Room Furniture/Office/Models/FloorPlant_1.fbx using Guid(ecb6fbf1148af344fb5bdf5751940c76) Importer(815301076,1909f56bfc062723c751e8b465ee728b)  -> (artifact id: 'a059e610eb09cdc95496e70c71e2af46') in 0.110428 seconds 
========================================================================
Received Import Request.
  Time since last request: 0.000035 seconds.
  path: Assets/Office Room Furniture/Office/Materials/Monitor_1_off.mat
  artifactKey: Guid(bcc193f3a73e09248bc07b4a14410b43) Importer(815301076,1909f56bfc062723c751e8b465ee728b)
Start importing Assets/Office Room Furniture/Office/Materials/Monitor_1_off.mat using Guid(bcc193f3a73e09248bc07b4a14410b43) Importer(815301076,1909f56bfc062723c751e8b465ee728b)  -> (artifact id: 'd8568554a231e282230e618d5606ad94') in 0.007010 seconds 
========================================================================
Received Import Request.
  Time since last request: 0.000038 seconds.
  path: Assets/Office Room Furniture/Office/Models/OfficeChair_1.fbx
  artifactKey: Guid(6ee1f29300f8be14c87cf49e8a9585f0) Importer(815301076,1909f56bfc062723c751e8b465ee728b)
Start importing Assets/Office Room Furniture/Office/Models/OfficeChair_1.fbx using Guid(6ee1f29300f8be14c87cf49e8a9585f0) Importer(815301076,1909f56bfc062723c751e8b465ee728b)  -> (artifact id: 'd2e83ce0395551472673f3517beac729') in 0.023784 seconds 
========================================================================
Received Import Request.
  Time since last request: 0.000061 seconds.
  path: Assets/Office Room Furniture/Office/Models/MouseKeyboard_1.fbx
  artifactKey: Guid(508eae10495c0a2408a29ae023b46a7b) Importer(815301076,1909f56bfc062723c751e8b465ee728b)
Start importing Assets/Office Room Furniture/Office/Models/MouseKeyboard_1.fbx using Guid(508eae10495c0a2408a29ae023b46a7b) Importer(815301076,1909f56bfc062723c751e8b465ee728b)  -> (artifact id: '4299e0a7b41aedb602eeb85b7a26a40b') in 0.033928 seconds 
========================================================================
Received Import Request.
  Time since last request: 0.000038 seconds.
  path: Assets/Office Room Furniture/Office/Materials/Armchair_3.mat
  artifactKey: Guid(125dbf5b0b9591a419b882791f02467a) Importer(815301076,1909f56bfc062723c751e8b465ee728b)
Start importing Assets/Office Room Furniture/Office/Materials/Armchair_3.mat using Guid(125dbf5b0b9591a419b882791f02467a) Importer(815301076,1909f56bfc062723c751e8b465ee728b)  -> (artifact id: '485aa847134c3a03868264d05716ffd9') in 0.010582 seconds 
========================================================================
Received Import Request.
  Time since last request: 0.000071 seconds.
  path: Assets/Office Room Furniture/Office/Materials/OfficeDesk_1_AO.mat
  artifactKey: Guid(d23ac15e260b75948979f1d93ed25bae) Importer(815301076,1909f56bfc062723c751e8b465ee728b)
Start importing Assets/Office Room Furniture/Office/Materials/OfficeDesk_1_AO.mat using Guid(d23ac15e260b75948979f1d93ed25bae) Importer(815301076,1909f56bfc062723c751e8b465ee728b)  -> (artifact id: 'd925f99883975e1471da922ba4c53223') in 0.020512 seconds 
========================================================================
Received Import Request.
  Time since last request: 736.909826 seconds.
  path: Assets/Office Room Furniture/Office/Models/Monitor_1.fbx
  artifactKey: Guid(028e716b9b7e7254fbb762715282ae8b) Importer(815301076,1909f56bfc062723c751e8b465ee728b)
Start importing Assets/Office Room Furniture/Office/Models/Monitor_1.fbx using Guid(028e716b9b7e7254fbb762715282ae8b) Importer(815301076,1909f56bfc062723c751e8b465ee728b)  -> (artifact id: '975f1aa622bc17eeec0ba8202848f896') in 0.084169 seconds 
========================================================================
Received Import Request.
  Time since last request: 0.000070 seconds.
  path: Assets/Office Room Furniture/Office/Models/Objects_1.fbx
  artifactKey: Guid(78fb8fd1f91f5a24c951a270a707c07d) Importer(815301076,1909f56bfc062723c751e8b465ee728b)
Start importing Assets/Office Room Furniture/Office/Models/Objects_1.fbx using Guid(78fb8fd1f91f5a24c951a270a707c07d) Importer(815301076,1909f56bfc062723c751e8b465ee728b)  -> (artifact id: 'd4e562300ac2fd6b7b0ce8c6939ee011') in 0.069730 seconds 
========================================================================
Received Import Request.
  Time since last request: 18.614421 seconds.
  path: Assets/Laptop/laptop.mat
  artifactKey: Guid(54c38eb35b5848443a34928936331d6b) Importer(815301076,1909f56bfc062723c751e8b465ee728b)
Start importing Assets/Laptop/laptop.mat using Guid(54c38eb35b5848443a34928936331d6b) Importer(815301076,1909f56bfc062723c751e8b465ee728b)  -> (artifact id: 'b5d92cec2640389138e9364fce6658c2') in 0.385967 seconds 
========================================================================
Received Import Request.
  Time since last request: 0.000071 seconds.
  path: Assets/Laptop/laptop_e.jpg
  artifactKey: Guid(4eeae465dee0b8a4194a3f390bf49602) Importer(815301076,1909f56bfc062723c751e8b465ee728b)
Start importing Assets/Laptop/laptop_e.jpg using Guid(4eeae465dee0b8a4194a3f390bf49602) Importer(815301076,1909f56bfc062723c751e8b465ee728b)  -> (artifact id: 'f6b32e46f73ed984cc3cd2e6dd1629e5') in 0.291691 seconds 
========================================================================
Received Import Request.
  Time since last request: 0.000085 seconds.
  path: Assets/Laptop/laptop_ao.tga
  artifactKey: Guid(26156147a2ed42744a03b6f5c1ca0499) Importer(815301076,1909f56bfc062723c751e8b465ee728b)
Start importing Assets/Laptop/laptop_ao.tga using Guid(26156147a2ed42744a03b6f5c1ca0499) Importer(815301076,1909f56bfc062723c751e8b465ee728b)  -> (artifact id: 'bb7526ef1b03fc12faf01563922039e2') in 0.065223 seconds 
========================================================================
Received Import Request.
  Time since last request: 0.000039 seconds.
  path: Assets/Laptop/laptop_s.tga
  artifactKey: Guid(356f2bc3a03d6b3448768ab986a926b2) Importer(815301076,1909f56bfc062723c751e8b465ee728b)
Start importing Assets/Laptop/laptop_s.tga using Guid(356f2bc3a03d6b3448768ab986a926b2) Importer(815301076,1909f56bfc062723c751e8b465ee728b)  -> (artifact id: 'fd0ff9f1ef55d0fd5a49d400bfb6789b') in 0.014181 seconds 
========================================================================
Received Import Request.
  Time since last request: 0.000049 seconds.
  path: Assets/Laptop/laptop_n.tga
  artifactKey: Guid(7349e76c837a33e42a61a654719f1045) Importer(815301076,1909f56bfc062723c751e8b465ee728b)
Start importing Assets/Laptop/laptop_n.tga using Guid(7349e76c837a33e42a61a654719f1045) Importer(815301076,1909f56bfc062723c751e8b465ee728b)  -> (artifact id: '99961e1804cda3d5fdb77a96580e7f5a') in 0.051285 seconds 
========================================================================
Received Import Request.
  Time since last request: 0.000047 seconds.
  path: Assets/Laptop/laptop_mask.tga
  artifactKey: Guid(0a5a7b5309c68f14e9fa2c43fadc92fe) Importer(815301076,1909f56bfc062723c751e8b465ee728b)
Start importing Assets/Laptop/laptop_mask.tga using Guid(0a5a7b5309c68f14e9fa2c43fadc92fe) Importer(815301076,1909f56bfc062723c751e8b465ee728b)  -> (artifact id: 'e1280edcf96cdb5743afc6a25096184a') in 0.009026 seconds 
========================================================================
Received Import Request.
  Time since last request: 163.870733 seconds.
  path: Assets/StudioNewPunch/SuitPack/SuitedMan/Models/suit_F01.fbx
  artifactKey: Guid(9d5e434a2e80a114aa8a697c09eb432b) Importer(815301076,1909f56bfc062723c751e8b465ee728b)
Start importing Assets/StudioNewPunch/SuitPack/SuitedMan/Models/suit_F01.fbx using Guid(9d5e434a2e80a114aa8a697c09eb432b) Importer(815301076,1909f56bfc062723c751e8b465ee728b)  -> (artifact id: 'b7f25c130ad4a3e66bbe2ba4429918c3') in 0.209939 seconds 
========================================================================
Received Import Request.
  Time since last request: 968.478225 seconds.
  path: Assets/Office Room Furniture/Office/Models/Materials/FloorPlant_3.mat
  artifactKey: Guid(62f3e0c1a4c6c2c4ead4190e8bae5ebe) Importer(815301076,1909f56bfc062723c751e8b465ee728b)
Start importing Assets/Office Room Furniture/Office/Models/Materials/FloorPlant_3.mat using Guid(62f3e0c1a4c6c2c4ead4190e8bae5ebe) Importer(815301076,1909f56bfc062723c751e8b465ee728b)  -> (artifact id: 'a2d0dece11f9e9854448b0816f728452') in 0.026354 seconds 
========================================================================
Received Import Request.
  Time since last request: 0.000080 seconds.
  path: Assets/Office Room Furniture/Office/Models/Materials/Objects_2.mat
  artifactKey: Guid(dc7363512dacd5e4f8d7e8d40dd701a1) Importer(815301076,1909f56bfc062723c751e8b465ee728b)
Start importing Assets/Office Room Furniture/Office/Models/Materials/Objects_2.mat using Guid(dc7363512dacd5e4f8d7e8d40dd701a1) Importer(815301076,1909f56bfc062723c751e8b465ee728b)  -> (artifact id: '80c1d70c0170166af8b4ab3565ad8e62') in 0.005455 seconds 
========================================================================
Received Import Request.
  Time since last request: 0.000051 seconds.
  path: Assets/Office Room Furniture/Office/Models/Materials/Frame_1_Albedo.mat
  artifactKey: Guid(673dfe8b51db9384d89a9ab7d7ffe1f3) Importer(815301076,1909f56bfc062723c751e8b465ee728b)
Start importing Assets/Office Room Furniture/Office/Models/Materials/Frame_1_Albedo.mat using Guid(673dfe8b51db9384d89a9ab7d7ffe1f3) Importer(815301076,1909f56bfc062723c751e8b465ee728b)  -> (artifact id: '7f8792276a39b570fec1c2391723bcff') in 0.014790 seconds 
========================================================================
Received Import Request.
  Time since last request: 0.000065 seconds.
  path: Assets/Office Room Furniture/Office/Models/Materials/Material.009.mat
  artifactKey: Guid(8b3fd0daa3080bc41993df9a7b28831b) Importer(815301076,1909f56bfc062723c751e8b465ee728b)
Start importing Assets/Office Room Furniture/Office/Models/Materials/Material.009.mat using Guid(8b3fd0daa3080bc41993df9a7b28831b) Importer(815301076,1909f56bfc062723c751e8b465ee728b)  -> (artifact id: 'ea395b7e91557b219250ec317a4656f9') in 0.010771 seconds 
========================================================================
Received Import Request.
  Time since last request: 167.575963 seconds.
  path: Assets/Home Decor/Mesh/plant_2.fbx
  artifactKey: Guid(179767671b0965048bbae530c4b59efd) Importer(815301076,1909f56bfc062723c751e8b465ee728b)
Start importing Assets/Home Decor/Mesh/plant_2.fbx using Guid(179767671b0965048bbae530c4b59efd) Importer(815301076,1909f56bfc062723c751e8b465ee728b)  -> (artifact id: '96a6909e42ca9eb3e8e284df71a98893') in 0.557738 seconds 
========================================================================
Received Import Request.
  Time since last request: 0.000099 seconds.
  path: Assets/Home Decor/Mesh/plant_3.fbx
  artifactKey: Guid(a3e32f9a3c5fd1649b42252ba56025ef) Importer(815301076,1909f56bfc062723c751e8b465ee728b)
Start importing Assets/Home Decor/Mesh/plant_3.fbx using Guid(a3e32f9a3c5fd1649b42252ba56025ef) Importer(815301076,1909f56bfc062723c751e8b465ee728b)  -> (artifact id: '23fdb1fe1e9b99ccac13cb329efcd3b2') in 0.110889 seconds 
========================================================================
Received Import Request.
  Time since last request: 0.000106 seconds.
  path: Assets/Home Decor/Prefab/plant_3.prefab
  artifactKey: Guid(722c9280c29451a4eb660b00ac3c7154) Importer(815301076,1909f56bfc062723c751e8b465ee728b)
Start importing Assets/Home Decor/Prefab/plant_3.prefab using Guid(722c9280c29451a4eb660b00ac3c7154) Importer(815301076,1909f56bfc062723c751e8b465ee728b)  -> (artifact id: 'f9f953dab4bae14c1fbf8e07966b5c4b') in 0.172323 seconds 
========================================================================
Received Import Request.
  Time since last request: 0.551150 seconds.
  path: Assets/Home Decor/Material/plant_1.mat
  artifactKey: Guid(b335af7208f91db4aac5050b48ad5d3f) Importer(815301076,1909f56bfc062723c751e8b465ee728b)
Start importing Assets/Home Decor/Material/plant_1.mat using Guid(b335af7208f91db4aac5050b48ad5d3f) Importer(815301076,1909f56bfc062723c751e8b465ee728b)  -> (artifact id: '304040140d36f3fffa3ada2b42a23938') in 0.121244 seconds 
========================================================================
Received Import Request.
  Time since last request: 0.000058 seconds.
  path: Assets/Home Decor/Material/plant_3.mat
  artifactKey: Guid(9617cd7b1bacf9444a98e88085cd8b71) Importer(815301076,1909f56bfc062723c751e8b465ee728b)
Start importing Assets/Home Decor/Material/plant_3.mat using Guid(9617cd7b1bacf9444a98e88085cd8b71) Importer(815301076,1909f56bfc062723c751e8b465ee728b)  -> (artifact id: '8eb8b276aaadfe04a02a4266b9c21d05') in 0.044241 seconds 
AssetImportWorkerClient::OnTransportError - code=2 error=End of file
